<?xml version="1.0" encoding="UTF-8"?>
<!-- Generated by org.testng.reporters.JUnitXMLReporter -->
<testsuite hostname="BetulAir.attlocal.net" ignored="1" name="test" tests="3" failures="0" timestamp="06 Jun 2019 01:33:41 GMT" time="0.055" errors="0">
  <testcase name="Two" time="0.012" classname="com.class03.MethodsExample"/>
  <testcase name="onThree" time="0.004" classname="com.class03.MethodsExample"/>
  <testcase name="one" time="0.003" classname="com.class03.MethodsExample"/>
  <testcase name="Four" time="0.0" classname="com.class03.MethodsExample">
    <ignored/>
  </testcase> <!-- Four -->
</testsuite> <!-- test -->
