<?xml version="1.0" encoding="UTF-8"?>
<!-- Generated by org.testng.reporters.JUnitXMLReporter -->
<testsuite hostname="BetulAir.attlocal.net" ignored="3" name="Test" tests="1" failures="0" timestamp="12 Jun 2019 16:54:45 GMT" time="0.056" errors="0">
  <testcase name="onThree" time="0.013" classname="com.class03.GroupsExample"/>
  <testcase name="one" time="0.0" classname="com.class03.GroupsExample">
    <ignored/>
  </testcase> <!-- one -->
  <testcase name="Four" time="0.0" classname="com.class03.GroupsExample">
    <ignored/>
  </testcase> <!-- Four -->
  <testcase name="Two" time="0.0" classname="com.class03.GroupsExample">
    <ignored/>
  </testcase> <!-- Two -->
</testsuite> <!-- Test -->
