<?xml version="1.0" encoding="UTF-8"?>
<!-- Generated by org.testng.reporters.JUnitXMLReporter -->
<testsuite hostname="BetulAir.attlocal.net" ignored="0" name="Test" tests="4" failures="0" timestamp="12 Jun 2019 15:38:42 GMT" time="0.07" errors="0">
  <testcase name="Four" time="0.014" classname="com.class03.GroupsExample"/>
  <testcase name="Two" time="0.002" classname="com.class03.GroupsExample"/>
  <testcase name="onThree" time="0.002" classname="com.class03.GroupsExample"/>
  <testcase name="one" time="0.002" classname="com.class03.GroupsExample"/>
</testsuite> <!-- Test -->
