<?xml version="1.0" encoding="UTF-8"?>
<!-- Generated by org.testng.reporters.JUnitXMLReporter -->
<testsuite hostname="BetulAir.attlocal.net" ignored="2" name="Test" tests="1" failures="1" timestamp="06 Jun 2019 23:45:33 GMT" time="0.082" errors="0">
  <testcase name="userOne" time="0.024" classname="com.class03.taskOne">
    <failure type="java.lang.NullPointerException">
      <![CDATA[java.lang.NullPointerException
at com.class03.taskOne.userOne(taskOne.java:20)
... Removed 25 stack frames]]>
    </failure>
  </testcase> <!-- userOne -->
  <testcase name="userThree" time="0.0" classname="com.class03.taskOne">
    <ignored/>
  </testcase> <!-- userThree -->
  <testcase name="userTwo" time="0.0" classname="com.class03.taskOne">
    <ignored/>
  </testcase> <!-- userTwo -->
</testsuite> <!-- Test -->
